<?xml version="1.0" encoding="UTF-8"?>
<!-- Generated by org.testng.reporters.JUnitReportReporter -->
<testsuite skipped="0" hostname="DESKTOP-8E5IA3I" name="testCases.Creat_A_Product" tests="1" failures="0" timestamp="2021-03-12T20:15:09 CST" time="3.119" errors="0">
  <testcase name="creat_A_Product" time="3.119" classname="testCases.Creat_A_Product"/>
  <system-out/>
</testsuite> <!-- testCases.Creat_A_Product -->
