<?xml version="1.0" encoding="UTF-8"?>
<!-- Generated by org.testng.reporters.JUnitReportReporter -->
<testsuite skipped="0" hostname="DESKTOP-8E5IA3I" name="testCases.GET_Read_AllProducts" tests="1" failures="0" timestamp="2021-03-19T19:02:24 CDT" time="3.909" errors="0">
  <testcase name="read_All_Products" time="3.909" classname="testCases.GET_Read_AllProducts"/>
  <system-out/>
</testsuite> <!-- testCases.GET_Read_AllProducts -->
