<?xml version="1.0" encoding="UTF-8"?>
<!-- Generated by org.testng.reporters.JUnitReportReporter -->
<testsuite skipped="0" hostname="DESKTOP-8E5IA3I" name="testCases.TC001_GET_AllProduct" tests="1" failures="0" timestamp="2021-03-12T20:16:47 CST" time="3.066" errors="0">
  <testcase name="getalltheproducts" time="3.066" classname="testCases.TC001_GET_AllProduct"/>
  <system-out/>
</testsuite> <!-- testCases.TC001_GET_AllProduct -->
