<?xml version="1.0" encoding="UTF-8"?>
<!-- Generated by org.testng.reporters.JUnitReportReporter -->
<testsuite skipped="0" hostname="DESKTOP-8E5IA3I" name="testCases.GET_Or_Read_All_Products" tests="1" failures="0" timestamp="27 Feb 2021 18:28:25 GMT" time="3.694" errors="0">
  <testcase name="read_All_Product" time="3.694" classname="testCases.GET_Or_Read_All_Products"/>
</testsuite> <!-- testCases.GET_Or_Read_All_Products -->
