<?xml version="1.0" encoding="UTF-8"?>
<!-- Generated by org.testng.reporters.JUnitReportReporter -->
<testsuite skipped="0" hostname="DESKTOP-8E5IA3I" name="testCases.GET_Or_Read_A_Product" tests="1" failures="0" timestamp="2021-03-17T12:03:06 CDT" time="2.312" errors="0">
  <testcase name="read_A_Products" time="2.312" classname="testCases.GET_Or_Read_A_Product"/>
  <system-out/>
</testsuite> <!-- testCases.GET_Or_Read_A_Product -->
