<?xml version="1.0" encoding="UTF-8"?>
<!-- Generated by org.testng.reporters.JUnitReportReporter -->
<testsuite skipped="0" hostname="DESKTOP-8E5IA3I" name="testCases.DEL_Or_Delete_A_Product" tests="1" failures="0" timestamp="2021-03-19T19:02:43 CDT" time="3.260" errors="0">
  <testcase name="delete_A_Product" time="3.260" classname="testCases.DEL_Or_Delete_A_Product"/>
  <system-out/>
</testsuite> <!-- testCases.DEL_Or_Delete_A_Product -->
